ModuleCmd_Switch.c(172):ERROR:152: Module 'PrgEnv-cray' is currently not loaded
Loading module for CUDA 11.2.2
CUDA 11.2.2 is now loaded

To connect to the compute node gpu201-09-r on Ibex running your Code Server, 
you need to create an ssh tunnel from your local machine to login node on Ibex 
using the following command.

ssh -L 12198:gpu201-09-r:12198 plotnips@glogin.ibex.kaust.edu.sa 

Next, you need to copy the url provided below and paste it into the browser 
on your local machine.

localhost:12198


[15:47:31] Using the in-memory credential store as the operating system's credential store could not be accessed. Please see https://aka.ms/vscode-server-keyring on how to set this up. Details: Cannot find module '../build/Release/keytar.node'
Require stack:
- /home/plotnips/.local/lib/code-server-4.4.0/lib/vscode/node_modules/keytar/lib/keytar.js
- /home/plotnips/.local/lib/code-server-4.4.0/lib/vscode/out/bootstrap-amd.js
- /home/plotnips/.local/lib/code-server-4.4.0/out/node/util.js
- /home/plotnips/.local/lib/code-server-4.4.0/out/node/cli.js
- /home/plotnips/.local/lib/code-server-4.4.0/out/node/entry.js
[17:35:22] [File Watcher (parcel)] correcting a path to watch that seems to be a symbolic link or wrong casing (original: /ibex/user/plotnips/, real: /ibex/user/plotnips)
[18:25:35] RequestStore#acceptReply was called without receiving a matching request 85
[18:25:36] RequestStore#acceptReply was called without receiving a matching request 86
[18:25:36] [File Watcher (parcel)] correcting a path to watch that seems to be a symbolic link or wrong casing (original: /ibex/user/plotnips/, real: /ibex/user/plotnips)
[18:25:36] RequestStore#acceptReply was called without receiving a matching request 87
[18:25:36] RequestStore#acceptReply was called without receiving a matching request 88
[18:25:36] RequestStore#acceptReply was called without receiving a matching request 89
[18:25:36] RequestStore#acceptReply was called without receiving a matching request 90
[18:25:36] RequestStore#acceptReply was called without receiving a matching request 91
[18:25:36] RequestStore#acceptReply was called without receiving a matching request 92
[18:25:36] RequestStore#acceptReply was called without receiving a matching request 93
[18:25:36] RequestStore#acceptReply was called without receiving a matching request 94
[18:25:36] RequestStore#acceptReply was called without receiving a matching request 95
[18:25:36] RequestStore#acceptReply was called without receiving a matching request 96
[18:25:36] RequestStore#acceptReply was called without receiving a matching request 97
[18:25:36] RequestStore#acceptReply was called without receiving a matching request 98
[18:25:37] [File Watcher (parcel)] Inotify limit reached (ENOSPC) (path: /ibex/user/plotnips/)
Error: Unexpected SIGPIPE
    at process.<anonymous> (/home/plotnips/.local/lib/code-server-4.4.0/lib/vscode/out/bootstrap.js:1:370)
    at process.emit (node:events:527:28)
slurmstepd: error: *** STEP 24340604.0 ON gpu201-09-r CANCELLED AT 2023-03-21T06:40:59 DUE TO TIME LIMIT ***
slurmstepd: error: *** JOB 24340604 ON gpu201-09-r CANCELLED AT 2023-03-21T06:40:59 DUE TO TIME LIMIT ***
